# Logfile created on 2014-01-10 17:00:14 -0200 by logger.rb/36483
I, [2014-01-10T17:00:14.300206 #2291]  INFO -- : 0:  rake (10.1.0) from /Users/heitorsergent/.rbenv/versions/2.0.0-p247/lib/ruby/gems/2.0.0/specifications/rake-10.1.0.gemspec
I, [2014-01-10T17:00:52.678209 #2291]  INFO -- : 0:  RedCloth (4.2.9) from /Users/heitorsergent/.rbenv/versions/2.0.0-p247/lib/ruby/gems/2.0.0/specifications/RedCloth-4.2.9.gemspec
I, [2014-01-10T17:01:03.424175 #2291]  INFO -- : 0:  fast-stemmer (1.0.2) from /Users/heitorsergent/.rbenv/versions/2.0.0-p247/lib/ruby/gems/2.0.0/specifications/fast-stemmer-1.0.2.gemspec
I, [2014-01-10T17:01:20.386945 #2291]  INFO -- : 0:  classifier (1.3.3) from /Users/heitorsergent/.rbenv/versions/2.0.0-p247/lib/ruby/gems/2.0.0/specifications/classifier-1.3.3.gemspec
I, [2014-01-10T17:01:29.960506 #2291]  INFO -- : 0:  coderay (1.0.9) from /Users/heitorsergent/.rbenv/versions/2.0.0-p247/lib/ruby/gems/2.0.0/specifications/coderay-1.0.9.gemspec
I, [2014-01-10T17:01:41.335691 #2291]  INFO -- : 0:  colorator (0.1) from /Users/heitorsergent/.rbenv/versions/2.0.0-p247/lib/ruby/gems/2.0.0/specifications/colorator-0.1.gemspec
I, [2014-01-10T17:02:09.417882 #2291]  INFO -- : 0:  highline (1.6.19) from /Users/heitorsergent/.rbenv/versions/2.0.0-p247/lib/ruby/gems/2.0.0/specifications/highline-1.6.19.gemspec
I, [2014-01-10T17:02:16.135263 #2291]  INFO -- : 0:  commander (4.1.4) from /Users/heitorsergent/.rbenv/versions/2.0.0-p247/lib/ruby/gems/2.0.0/specifications/commander-4.1.4.gemspec
I, [2014-01-10T17:02:27.792989 #2291]  INFO -- : 0:  directory_watcher (1.4.1) from /Users/heitorsergent/.rbenv/versions/2.0.0-p247/lib/ruby/gems/2.0.0/specifications/directory_watcher-1.4.1.gemspec
I, [2014-01-10T17:02:42.154028 #2291]  INFO -- : 0:  kramdown (1.0.2) from /Users/heitorsergent/.rbenv/versions/2.0.0-p247/lib/ruby/gems/2.0.0/specifications/kramdown-1.0.2.gemspec
I, [2014-01-10T17:03:03.056714 #2291]  INFO -- : 0:  liquid (2.5.1) from /Users/heitorsergent/.rbenv/versions/2.0.0-p247/lib/ruby/gems/2.0.0/specifications/liquid-2.5.1.gemspec
I, [2014-01-10T17:03:08.733610 #2291]  INFO -- : 0:  syntax (1.0.0) from /Users/heitorsergent/.rbenv/versions/2.0.0-p247/lib/ruby/gems/2.0.0/specifications/syntax-1.0.0.gemspec
I, [2014-01-10T17:03:18.575943 #2291]  INFO -- : 0:  maruku (0.6.1) from /Users/heitorsergent/.rbenv/versions/2.0.0-p247/lib/ruby/gems/2.0.0/specifications/maruku-0.6.1.gemspec
I, [2014-01-10T17:03:36.471256 #2291]  INFO -- : 0:  posix-spawn (0.3.6) from /Users/heitorsergent/.rbenv/versions/2.0.0-p247/lib/ruby/gems/2.0.0/specifications/posix-spawn-0.3.6.gemspec
I, [2014-01-10T17:04:17.949611 #2291]  INFO -- : 0:  yajl-ruby (1.1.0) from /Users/heitorsergent/.rbenv/versions/2.0.0-p247/lib/ruby/gems/2.0.0/specifications/yajl-ruby-1.1.0.gemspec
I, [2014-01-10T17:05:00.401488 #2291]  INFO -- : 0:  pygments.rb (0.5.2) from /Users/heitorsergent/.rbenv/versions/2.0.0-p247/lib/ruby/gems/2.0.0/specifications/pygments.rb-0.5.2.gemspec
I, [2014-01-10T17:05:33.030107 #2291]  INFO -- : 0:  redcarpet (2.2.2) from /Users/heitorsergent/.rbenv/versions/2.0.0-p247/lib/ruby/gems/2.0.0/specifications/redcarpet-2.2.2.gemspec
I, [2014-01-10T17:05:44.708249 #2291]  INFO -- : 0:  safe_yaml (0.7.1) from /Users/heitorsergent/.rbenv/versions/2.0.0-p247/lib/ruby/gems/2.0.0/specifications/safe_yaml-0.7.1.gemspec
I, [2014-01-10T17:05:56.126880 #2291]  INFO -- : 0:  jekyll (1.1.2) from /Users/heitorsergent/.rbenv/versions/2.0.0-p247/lib/ruby/gems/2.0.0/specifications/jekyll-1.1.2.gemspec
I, [2014-01-10T17:06:11.917524 #2291]  INFO -- : 0:  rdiscount (1.6.8) from /Users/heitorsergent/.rbenv/versions/2.0.0-p247/lib/ruby/gems/2.0.0/specifications/rdiscount-1.6.8.gemspec
I, [2014-01-10T17:06:28.566485 #2291]  INFO -- : 0:  github-pages (4) from /Users/heitorsergent/.rbenv/versions/2.0.0-p247/lib/ruby/gems/2.0.0/specifications/github-pages-4.gemspec
I, [2014-01-10T17:06:51.120156 #2291]  INFO -- : 0:  jekyll-minibundle (1.1.0) from /Users/heitorsergent/.rbenv/versions/2.0.0-p247/lib/ruby/gems/2.0.0/specifications/jekyll-minibundle-1.1.0.gemspec
I, [2014-01-10T17:06:51.120668 #2291]  INFO -- : 0:  bundler (1.5.1) from /Users/heitorsergent/.rbenv/versions/2.0.0-p247/lib/ruby/gems/2.0.0/specifications/bundler-1.5.1.gemspec
